============================================================
  Generated by:           Genus(TM) Synthesis Solution 21.10-p002_1
  Generated on:           Jun 28 2026  12:52:47 pm
  Module:                 spi_top
  Technology libraries:   gscl45nm 
                          gscl45nm 
  Operating conditions:   typical (balanced_tree)
  Wireload mode:          enclosed
  Area mode:              timing library
============================================================

                             
  Gate   Instances    Area     Library   
-----------------------------------------
AND2X1          25    58.662    gscl45nm 
AOI21X1          1     2.816    gscl45nm 
AOI22X1         17    55.847    gscl45nm 
BUFX2           91   213.531    gscl45nm 
DFFSR           58   598.827    gscl45nm 
HAX1            28   131.404    gscl45nm 
INVX1           69    97.145    gscl45nm 
MUX2X1          38   142.667    gscl45nm 
NAND2X1         13    24.404    gscl45nm 
NAND3X1          9    21.118    gscl45nm 
NOR2X1           2     4.693    gscl45nm 
NOR3X1           9    25.342    gscl45nm 
OAI21X1          2     5.632    gscl45nm 
OR2X1           18    42.237    gscl45nm 
XNOR2X1          8    37.544    gscl45nm 
XOR2X1           5    23.465    gscl45nm 
-----------------------------------------
total          393  1485.335             


                                         
     Type      Instances   Area   Area % 
-----------------------------------------
sequential            58  598.827   40.3 
inverter              69   97.145    6.5 
buffer                91  213.531   14.4 
unresolved             1    0.000    0.0 
logic                175  575.831   38.8 
physical_cells         0    0.000    0.0 
-----------------------------------------
total                394 1485.335  100.0 

