============================================================
  Generated by:           Genus(TM) Synthesis Solution 21.10-p002_1
  Generated on:           Jun 28 2026  12:52:47 pm
  Module:                 spi_top
  Operating conditions:   typical (balanced_tree)
  Wireload mode:          enclosed
  Area mode:              timing library
============================================================


Path 1: MET (7652 ps) Late External Delay Assertion at pin read_data[1]
          Group: clk
     Startpoint: (R) addr[0]
          Clock: (R) clk
       Endpoint: (R) read_data[1]
          Clock: (R) clk

                     Capture       Launch     
        Clock Edge:+   10000            0     
        Drv Adjust:+       0            0     
       Src Latency:+       0            0     
       Net Latency:+       0 (I)        0 (I) 
           Arrival:=   10000            0     
                                              
      Output Delay:-    1000                  
     Required Time:=    9000                  
      Launch Clock:-       0                  
       Input Delay:-    1000                  
         Data Path:-     348                  
             Slack:=    7652                  

Exceptions/Constraints:
  input_delay              1000            in_del_4_1  
  output_delay             1000            ou_del_18_1 

#---------------------------------------------------------------------------------------
# Timing Point   Flags   Arc   Edge   Cell     Fanout Load Trans Delay Arrival Instance 
#                                                     (fF)  (ps)  (ps)   (ps)  Location 
#---------------------------------------------------------------------------------------
  addr[0]        -       -     R     (arrival)      4 10.7     0     0    1000    (-,-) 
  g4026/Y        -       A->Y  F     INVX1          3  8.0    30    25    1025    (-,-) 
  g4009__1705/Y  -       A->Y  F     OR2X1          1  1.5    12    40    1065    (-,-) 
  g1809/Y        -       A->Y  R     INVX1          2  5.3     0    12    1076    (-,-) 
  g3995__5477/Y  -       A->Y  R     AND2X1         2  4.6    46    38    1114    (-,-) 
  g3989__2883/Y  -       A->Y  R     AND2X1         8 22.3   130    93    1207    (-,-) 
  g3946__1617/Y  -       D->Y  F     AOI22X1        1  1.5    34    46    1253    (-,-) 
  drc_bufs4053/Y -       A->Y  F     BUFX2          1  1.9     6    37    1290    (-,-) 
  g3930__9315/Y  -       A->Y  F     AND2X1         1  2.8    20    33    1323    (-,-) 
  g3920__5122/Y  -       C->Y  R     NAND3X1        1  0.0    27    25    1348    (-,-) 
  read_data[1]   <<<     -     R     (port)         -    -     -     0    1348    (-,-) 
#---------------------------------------------------------------------------------------

